<?xml version="1.0" encoding="UTF-8"?>
<testng-results skipped="0" failed="0" ignored="0" total="3" passed="3">
  <reporter-output>
  </reporter-output>
  <suite name="Suite" duration-ms="17551" started-at="2020-09-01T16:22:27 GMT+07:00" finished-at="2020-09-01T16:22:44 GMT+07:00">
    <groups>
    </groups>
    <test name="Test" duration-ms="17551" started-at="2020-09-01T16:22:27 GMT+07:00" finished-at="2020-09-01T16:22:44 GMT+07:00">
      <class name="com.qa.test.LoginTest">
        <test-method status="PASS" signature="beforeTest(java.lang.String, java.lang.String, java.lang.String)[pri:0, instance:com.qa.test.LoginTest@376b4233]" name="beforeTest" is-config="true" duration-ms="7686" started-at="2020-09-01T16:22:27 GMT+07:00" finished-at="2020-09-01T16:22:35 GMT+07:00">
          <params>
            <param index="0">
              <value>
                <![CDATA[Android]]>
              </value>
            </param>
            <param index="1">
              <value>
                <![CDATA[11]]>
              </value>
            </param>
            <param index="2">
              <value>
                <![CDATA[ChienChamChi]]>
              </value>
            </param>
          </params>
          <reporter-output>
          </reporter-output>
        </test-method> <!-- beforeTest -->
        <test-method status="PASS" signature="beforeMethod(java.lang.reflect.Method)[pri:0, instance:com.qa.test.LoginTest@376b4233]" name="beforeMethod" is-config="true" duration-ms="121" started-at="2020-09-01T16:22:35 GMT+07:00" finished-at="2020-09-01T16:22:35 GMT+07:00">
          <params>
            <param index="0">
              <value>
                <![CDATA[public void com.qa.test.LoginTest.invaildPassword()]]>
              </value>
            </param>
          </params>
          <reporter-output>
          </reporter-output>
        </test-method> <!-- beforeMethod -->
        <test-method status="PASS" signature="invaildPassword()[pri:0, instance:com.qa.test.LoginTest@376b4233]" name="invaildPassword" duration-ms="3516" started-at="2020-09-01T16:22:35 GMT+07:00" finished-at="2020-09-01T16:22:38 GMT+07:00">
          <reporter-output>
          </reporter-output>
        </test-method> <!-- invaildPassword -->
        <test-method status="PASS" signature="afterMethod()[pri:0, instance:com.qa.test.LoginTest@376b4233]" name="afterMethod" is-config="true" duration-ms="1" started-at="2020-09-01T16:22:38 GMT+07:00" finished-at="2020-09-01T16:22:38 GMT+07:00">
          <reporter-output>
          </reporter-output>
        </test-method> <!-- afterMethod -->
        <test-method status="PASS" signature="beforeMethod(java.lang.reflect.Method)[pri:0, instance:com.qa.test.LoginTest@376b4233]" name="beforeMethod" is-config="true" duration-ms="2" started-at="2020-09-01T16:22:38 GMT+07:00" finished-at="2020-09-01T16:22:38 GMT+07:00">
          <params>
            <param index="0">
              <value>
                <![CDATA[public void com.qa.test.LoginTest.invaildUser()]]>
              </value>
            </param>
          </params>
          <reporter-output>
          </reporter-output>
        </test-method> <!-- beforeMethod -->
        <test-method status="PASS" signature="invaildUser()[pri:0, instance:com.qa.test.LoginTest@376b4233]" name="invaildUser" duration-ms="2469" started-at="2020-09-01T16:22:38 GMT+07:00" finished-at="2020-09-01T16:22:41 GMT+07:00">
          <reporter-output>
          </reporter-output>
        </test-method> <!-- invaildUser -->
        <test-method status="PASS" signature="afterMethod()[pri:0, instance:com.qa.test.LoginTest@376b4233]" name="afterMethod" is-config="true" duration-ms="1" started-at="2020-09-01T16:22:41 GMT+07:00" finished-at="2020-09-01T16:22:41 GMT+07:00">
          <reporter-output>
          </reporter-output>
        </test-method> <!-- afterMethod -->
        <test-method status="PASS" signature="beforeMethod(java.lang.reflect.Method)[pri:0, instance:com.qa.test.LoginTest@376b4233]" name="beforeMethod" is-config="true" duration-ms="1" started-at="2020-09-01T16:22:41 GMT+07:00" finished-at="2020-09-01T16:22:41 GMT+07:00">
          <params>
            <param index="0">
              <value>
                <![CDATA[public void com.qa.test.LoginTest.successLogin()]]>
              </value>
            </param>
          </params>
          <reporter-output>
          </reporter-output>
        </test-method> <!-- beforeMethod -->
        <test-method status="PASS" signature="successLogin()[pri:0, instance:com.qa.test.LoginTest@376b4233]" name="successLogin" duration-ms="3157" started-at="2020-09-01T16:22:41 GMT+07:00" finished-at="2020-09-01T16:22:44 GMT+07:00">
          <reporter-output>
          </reporter-output>
        </test-method> <!-- successLogin -->
        <test-method status="PASS" signature="afterMethod()[pri:0, instance:com.qa.test.LoginTest@376b4233]" name="afterMethod" is-config="true" duration-ms="0" started-at="2020-09-01T16:22:44 GMT+07:00" finished-at="2020-09-01T16:22:44 GMT+07:00">
          <reporter-output>
          </reporter-output>
        </test-method> <!-- afterMethod -->
        <test-method status="PASS" signature="afterTest()[pri:0, instance:com.qa.test.LoginTest@376b4233]" name="afterTest" is-config="true" duration-ms="570" started-at="2020-09-01T16:22:44 GMT+07:00" finished-at="2020-09-01T16:22:44 GMT+07:00">
          <reporter-output>
          </reporter-output>
        </test-method> <!-- afterTest -->
      </class> <!-- com.qa.test.LoginTest -->
    </test> <!-- Test -->
  </suite> <!-- Suite -->
</testng-results>
