<?xml version="1.0" encoding="UTF-8"?>
<!-- Generated by org.testng.reporters.JUnitXMLReporter -->
<testsuite hostname="MAY39" ignored="0" name="Test" tests="3" failures="0" timestamp="2020-09-01T16:22:44 GMT+07:00" time="17.551" errors="0">
  <testcase name="invaildPassword" time="3.516" classname="com.qa.test.LoginTest"/>
  <testcase name="invaildUser" time="2.469" classname="com.qa.test.LoginTest"/>
  <testcase name="successLogin" time="3.157" classname="com.qa.test.LoginTest"/>
</testsuite> <!-- Test -->
